<?xml version="1.0" encoding="UTF-8"?>
<!-- Generated by org.testng.reporters.JUnitReportReporter -->
<testsuite skipped="0" hostname="DESKTOP-BO8TEUU" name="XunitTest.LoginTest" tests="5" failures="0" timestamp="2019-11-20T11:40:15 CST" time="0.020" errors="0">
  <testcase name="testUserLogin" time="0.000" classname="XunitTest.LoginTest"/>
  <testcase name="testUserLogin" time="0.020" classname="XunitTest.LoginTest"/>
  <testcase name="testUserLogin" time="0.000" classname="XunitTest.LoginTest"/>
  <testcase name="testUserLogin" time="0.000" classname="XunitTest.LoginTest"/>
  <testcase name="testUserLogin" time="0.000" classname="XunitTest.LoginTest"/>
</testsuite> <!-- XunitTest.LoginTest -->
